(---------------------------------------------------------------------)
(                                                                     )
(    NC DRILL Log                                                     )
(                                                                     )
(    Drawing          : METO_STM_CRY_V0_33.brd                        )
(    Software Version : 17.2P019                                      )
(    Date/Time        : Wed Mar 30 13:20:34 2022                      )
(                                                                     )
(---------------------------------------------------------------------)



 Processing NC Parameters file 'nc_param.txt' ...

 NC PARAMETERS
 -------------

 FORMAT   		2.5
 MACHINE-OFFSET		x:0.00000	y:0.00000   (inch)
 FEEDRATE		1
 COORDINATES		ABSOLUTE
 OUTPUT-UNITS		ENGLISH
 TOOL-ORDER		INCREASING
 REPEAT-CODES		YES
 SUPPRESS-LEAD-ZEROES	NO
 SUPPRESS-TRAIL-ZEROES	NO
 SUPPRESS-EQUAL		NO
 TOOL-SELECT		NO
 HEADER			none
 LEADER			12
 CODE			ASCII
 SEPARATE		NO
 SEPARATE-ROUTING	NO
 OPTIMIZE_DRILLING	NO
 ENHANCED_EXCELLON	NO
 SCALE			1.000000

 WARNING(SPMHMF-360): Design precision is greater than that of the drill output file data.
 WARNING(SPMHMF-361): Data rounding errors are very possible.
 WARNING(SPMHMF-365): This design contains 4 slot holes that can NOT be drilled.
 WARNING(SPMHMF-366): They can be processed by NC routing instead.


 Drill files being output to directory 'D:/PROJELER/PCB_DONANIM/METO_STM_CRY_V0/allegro' ...



     'METO_STM_CRY_V0_33-1-2.drl' created for holes connecting TOP and BOTTOM
     ------------------------------------------------------------------------

           Num     Size      +/- Tolerance     Plating   Quantity

            1.   8.0000    0.0000/  0.0000      PLATED        286
            2.  31.4960    0.0000/  0.0000      PLATED         34
            3.  34.0000    0.0000/  0.0000      PLATED         22
            4.  39.3700    0.0000/  0.0000      PLATED          8
            5.  40.0000    0.0000/  0.0000      PLATED         19
            6.  40.1570    0.0000/  0.0000      PLATED         80
            7.  51.1810    0.0000/  0.0000      PLATED         10
            8.  55.1180    0.0000/  0.0000      PLATED         32
            9.  60.0000    0.0000/  0.0000      PLATED         24
           10. 122.9920    0.0000/  0.0000      PLATED          9

     ---- Total holes:                                        524

     ---- Total head travel:              32.35 feet (9.86 meters)

