(---------------------------------------------------------------------)
(                                                                     )
(    NC ROUTE Log                                                     )
(                                                                     )
(    Drawing          : METO_STM_CRY_V0_33.brd                        )
(    Software Version : 17.2P019                                      )
(    Date/Time        : Wed Mar 30 13:21:02 2022                      )
(                                                                     )
(---------------------------------------------------------------------)



 Processing NC Parameters file 'nc_param.txt' ...

 NC PARAMETERS
 -------------

 FORMAT   		2.5
 MACHINE-OFFSET		x:0.00000	y:0.00000   (inch)
 FEEDRATE		1
 COORDINATES		ABSOLUTE
 OUTPUT-UNITS		ENGLISH
 TOOL-ORDER		INCREASING
 REPEAT-CODES		YES
 SUPPRESS-LEAD-ZEROES	NO
 SUPPRESS-TRAIL-ZEROES	NO
 SUPPRESS-EQUAL		NO
 TOOL-SELECT		NO
 HEADER			none
 LEADER			12
 CODE			ASCII
 SEPARATE		NO
 SEPARATE-ROUTING	NO
 OPTIMIZE_DRILLING	NO
 ENHANCED_EXCELLON	NO
 SCALE			1.000000


 WARNING(SPMHMF-326): Cannot find NC Route bit tool file 'ncroutebits.txt'
 WARNING(SPMHMF-327): ... will auto-generate bit tool file 'ncroutebits_auto.txt'.

 Auto-generating tool file 'ncroutebits_auto.txt' ...

     0.0000  T01       
     0.0394  T02       

-------------------------------------------------------------

 Pre_processing route path data ...

 WARNING(SPMHMF-301): No start point indicators found on the board.
 WARNING(SPMHMF-302): Start and end points for route paths will be selected at random.

-------------------------------------------------------------

 Processing route path data ...

 WARNING(SPMHMF-300): No toolcode of size 0.000000 found in 'ncroutebits.txt' ... Defaulting to T01.

 WARNING(SPMHMF-307): Start point indicator for route at (10218.500000 -2791.330000) not found.
 WARNING(SPMHMF-308): Start point chosen at random.

 WARNING(SPMHMF-307): Start point indicator for route at (10257.900000 -2791.330000) not found.
 WARNING(SPMHMF-308): Start point chosen at random.

 WARNING(SPMHMF-307): Start point indicator for route at (10218.500000 -2791.330000) not found.
 WARNING(SPMHMF-308): Start point chosen at random.

 WARNING(SPMHMF-307): Start point indicator for route at (10218.500000 -3074.800000) not found.
 WARNING(SPMHMF-308): Start point chosen at random.

 WARNING(SPMHMF-307): Start point indicator for route at (10257.900000 -3074.800000) not found.
 WARNING(SPMHMF-308): Start point chosen at random.

 WARNING(SPMHMF-307): Start point indicator for route at (10218.500000 -3074.800000) not found.
 WARNING(SPMHMF-308): Start point chosen at random.

 WARNING(SPMHMF-307): Start point indicator for route at (10218.500000 -2121.250000) not found.
 WARNING(SPMHMF-308): Start point chosen at random.

 WARNING(SPMHMF-307): Start point indicator for route at (10257.900000 -2121.250000) not found.
 WARNING(SPMHMF-308): Start point chosen at random.

 WARNING(SPMHMF-307): Start point indicator for route at (10218.500000 -2121.250000) not found.
 WARNING(SPMHMF-308): Start point chosen at random.

 WARNING(SPMHMF-307): Start point indicator for route at (10218.500000 -2404.720000) not found.
 WARNING(SPMHMF-308): Start point chosen at random.

 WARNING(SPMHMF-307): Start point indicator for route at (10257.900000 -2404.720000) not found.
 WARNING(SPMHMF-308): Start point chosen at random.

 WARNING(SPMHMF-307): Start point indicator for route at (10218.500000 -2404.720000) not found.
 WARNING(SPMHMF-308): Start point chosen at random.

 WARNING(SPMHMF-307): Start point indicator for route at (10218.500000 -1451.180000) not found.
 WARNING(SPMHMF-308): Start point chosen at random.

 WARNING(SPMHMF-307): Start point indicator for route at (10257.900000 -1451.180000) not found.
 WARNING(SPMHMF-308): Start point chosen at random.

 WARNING(SPMHMF-307): Start point indicator for route at (10218.500000 -1451.180000) not found.
 WARNING(SPMHMF-308): Start point chosen at random.

 WARNING(SPMHMF-307): Start point indicator for route at (10218.500000 -1734.640000) not found.
 WARNING(SPMHMF-308): Start point chosen at random.

 WARNING(SPMHMF-307): Start point indicator for route at (10257.900000 -1734.640000) not found.
 WARNING(SPMHMF-308): Start point chosen at random.

 WARNING(SPMHMF-307): Start point indicator for route at (10218.500000 -1734.640000) not found.
 WARNING(SPMHMF-308): Start point chosen at random.

 WARNING(SPMHMF-307): Start point indicator for route at (10218.500000 -781.099000) not found.
 WARNING(SPMHMF-308): Start point chosen at random.

 WARNING(SPMHMF-307): Start point indicator for route at (10257.900000 -781.099000) not found.
 WARNING(SPMHMF-308): Start point chosen at random.

 WARNING(SPMHMF-307): Start point indicator for route at (10218.500000 -781.099000) not found.
 WARNING(SPMHMF-308): Start point chosen at random.

 WARNING(SPMHMF-307): Start point indicator for route at (10218.500000 -1064.560000) not found.
 WARNING(SPMHMF-308): Start point chosen at random.

 WARNING(SPMHMF-307): Start point indicator for route at (10257.900000 -1064.560000) not found.
 WARNING(SPMHMF-308): Start point chosen at random.

 WARNING(SPMHMF-307): Start point indicator for route at (10218.500000 -1064.560000) not found.
 WARNING(SPMHMF-308): Start point chosen at random.

 EXPLANATION OF 'START POINT INDICATORS' ...

 The direction in which a route path is cut can be
 controlled by adding the character '1' at (or near)
 the vertex that you want to be the start point of the cut.
 This character (referred to as a 'start point indicator')
 is added by using the ADD TEXT command.

 In the case of a complete loop, direction can be specified
 by adding the character '1' at the first point on the path
 and the character '2' at the second point along the path.


-------------------------------------------------------------

 Processing slot hole data ...

 OVAL      slots routed: 4
 RECTANGLE slots routed: 0

-------------------------------------------------------------

 NC Route file 'METO_STM_CRY_V0_33.rou' created ...

-------------------------------------------------------------

 Program completed WITH WARNINGS.

