{ Using PSTWRITER 17.2.0 d001Mar-30-2022 at 11:29:28 }

#1 WARNING(ORCAP-36006): Part Name "CAP POL_CAPPOL2D250LS150034_CAP POL" is renamed to "CAP POL_CAPPOL2D250LS150034_CAP".
#2 WARNING(ORCAP-36006): Part Name "CAPACITOR NON-POL_SMC0805_10U/6V3/CER" is renamed to "CAPACITOR NON-POL_SMC0805_10U/6".
#3 WARNING(ORCAP-36006): Part Name "CAPACITOR NON-POL_SMC1210_22UF/25V/LOWESL" is renamed to "CAPACITOR NON-POL_SMC1210_22UF/".
#4 WARNING(ORCAP-36006): Part Name "6TPB33M_CAP_6TPB33M_22UF/25VDV/TANTAL" is renamed to "6TPB33M_CAP_6TPB33M_22UF/25VDV/".
#5 WARNING(ORCAP-36006): Part Name "CAPACITOR NON-POL_SMC0805_10U/25V/CER" is renamed to "CAPACITOR NON-POL_SMC0805_10U/2".
#6 WARNING(ORCAP-36006): Part Name "DIODE ZENER_SMDSOD323SD05T_1N4148WX" is renamed to "DIODE ZENER_SMDSOD323SD05T_1N41".
#7 WARNING(ORCAP-36006): Part Name "DIODE TVS_SMDO214AA21SMAJ33A_SMAJ7A" is renamed to "DIODE TVS_SMDO214AA21SMAJ33A_SM".
#8 WARNING(ORCAP-36006): Part Name "DIODE TVS BI-DIR_SMDSOD323PESD5V_SD12C" is renamed to "DIODE TVS BI-DIR_SMDSOD323PESD5".
#9 WARNING(ORCAP-36006): Part Name "1N5819M/CYL_SMDO214AA21_MBRA340T3" is renamed to "1N5819M/CYL_SMDO214AA21_MBRA340".
#10 WARNING(ORCAP-36006): Part Name "0ZCK0100FF2E_FUSC2113X180N_0ZCK0100FF2E" is renamed to "0ZCK0100FF2E_FUSC2113X180N_0ZCK".
#11 WARNING(ORCAP-36006): Part Name "INDUCTOR/SM_SMR0603_MPZ1608S601A" is renamed to "INDUCTOR/SM_SMR0603_MPZ1608S601".
#12 WARNING(ORCAP-36006): Part Name "ACM1211-102-2PL-TL01_FIL_ACM1211-102-2PL-TL01_ACM1211-102-2PL-TL01" is renamed to "ACM1211-102-2PL-TL01_FIL_ACM121".
#13 WARNING(ORCAP-36006): Part Name "5787956-1_TE_5787956-1_5787956-1" is renamed to "5787956-1_TE_5787956-1_5787956-".
#14 WARNING(ORCAP-36006): Part Name "JQC-3F-_T73_2_JQC3FT731Z12VDC_JQC-3F-_T73_-1Z-12VDC" is renamed to "JQC-3F-_T73_2_JQC3FT731Z12VDC_J".
#15 WARNING(ORCAP-36006): Part Name "INDUCTOR/SM_SLF10145NEW_10U/SLF10145" is renamed to "INDUCTOR/SM_SLF10145NEW_10U/SLF".
#16 WARNING(ORCAP-36006): Part Name "MAX485ESA+_SOIC127P600X175-8N_MAX485ESA+" is renamed to "MAX485ESA+_SOIC127P600X175-8N_M".
#17 WARNING(ORCAP-36006): Part Name "MDBT50Q-1MV2_0_XCVR_MDBT50Q-1MV2_MDBT50Q-1MV2" is renamed to "MDBT50Q-1MV2_0_XCVR_MDBT50Q-1MV".
#18 WARNING(ORCAP-36006): Part Name "AP7165-SPG-13_0_SOIC127P600X163-9N_AP7165-SPG-13" is renamed to "AP7165-SPG-13_0_SOIC127P600X163".
#19 WARNING(ORCAP-36006): Part Name "CRYSTAL/SM_XTAL_CM315_SMD_CM315D32768DZFT" is renamed to "CRYSTAL/SM_XTAL_CM315_SMD_CM315".
INFO(ORCAP-36080): Scanning netlist files ...

Loading... D:\PROJELER\PCB_DONANIM\METO_STM_CRY_V0\allegro/pstchip.dat

Loading... D:\PROJELER\PCB_DONANIM\METO_STM_CRY_V0\allegro/pstchip.dat

Loading... D:\PROJELER\PCB_DONANIM\METO_STM_CRY_V0\allegro/pstxprt.dat

Loading... D:\PROJELER\PCB_DONANIM\METO_STM_CRY_V0\allegro/pstxnet.dat
packaging the design view...