(---------------------------------------------------------------------)
(                                                                     )
(    STEP Export                                                      )
(                                                                     )
(    Software Version : 17.2P019                                      )
(    Date/Time        : Tue Mar 29 02:13:57 2022                      )
(                                                                     )
(---------------------------------------------------------------------)




STEP file: METO_STM_CRY_V0_16
Design file: D:/PROJELER/PCB_DONANIM/METO_STM_CRY_V0/allegro/METO_STM_CRY_V0_16.brd
Export units: Millimeter
STEP protocol: AP-214
Source identification: allegro_17.2P028
Export selected and highlighted parts?: NO
Export secondary parts?: NO
Export parts with mapped STEP Models?: YES
Export parts without mapped STEP Models?: NO
Export assemblies and enclosures parts?: NO
Export mechanical drills?: YES
Export electrical through pin drills?: YES
Export electrical through via drills?: YES
Export bare board only?: NO
Export external copper?: NO
step_out complete.
